# JRE version: Java(TM) SE Runtime Environment (12.0.1+12) (build 12.0.1+12)
# Java VM: Java HotSpot(TM) 64-Bit Server VM (12.0.1+12, mixed mode, sharing, tiered, compressed oops, g1 gc, windows-amd64)
Heap:
 garbage-first heap   total 76800K, used 36465K [0x00000000c1400000, 0x0000000100000000)
  region size 1024K, 5 young (5120K), 4 survivors (4096K)
 Metaspace       used 66453K, capacity 68219K, committed 68352K, reserved 1107968K
  class space    used 8496K, capacity 9184K, committed 9216K, reserved 1048576K
GC Heap History (10 events):
Event: 69.912 GC heap before
{Heap before GC invocations=43 (full 0):
 garbage-first heap   total 63488K, used 46871K [0x00000000c1400000, 0x0000000100000000)
  region size 1024K, 20 young (20480K), 3 survivors (3072K)
 Metaspace       used 55516K, capacity 57110K, committed 57216K, reserved 1099776K
  class space    used 7196K, capacity 7796K, committed 7808K, reserved 1048576K
}
Event: 69.930 GC heap after
{Heap after GC invocations=44 (full 0):
 garbage-first heap   total 63488K, used 30240K [0x00000000c1400000, 0x0000000100000000)
  region size 1024K, 3 young (3072K), 3 survivors (3072K)
 Metaspace       used 55516K, capacity 57110K, committed 57216K, reserved 1099776K
  class space    used 7196K, capacity 7796K, committed 7808K, reserved 1048576K
}
Event: 70.906 GC heap before
{Heap before GC invocations=44 (full 0):
 garbage-first heap   total 63488K, used 47648K [0x00000000c1400000, 0x0000000100000000)
  region size 1024K, 20 young (20480K), 3 survivors (3072K)
 Metaspace       used 56929K, capacity 58481K, committed 58752K, reserved 1099776K
  class space    used 7383K, capacity 7998K, committed 8064K, reserved 1048576K
}
Event: 70.928 GC heap after
{Heap after GC invocations=45 (full 0):
 garbage-first heap   total 76800K, used 31148K [0x00000000c1400000, 0x0000000100000000)
  region size 1024K, 3 young (3072K), 3 survivors (3072K)
 Metaspace       used 56929K, capacity 58481K, committed 58752K, reserved 1099776K
  class space    used 7383K, capacity 7998K, committed 8064K, reserved 1048576K
}
Event: 79.149 GC heap before
{Heap before GC invocations=46 (full 0):
 garbage-first heap   total 76800K, used 54700K [0x00000000c1400000, 0x0000000100000000)
  region size 1024K, 26 young (26624K), 3 survivors (3072K)
 Metaspace       used 58755K, capacity 60448K, committed 60544K, reserved 1101824K
  class space    used 7617K, capacity 8283K, committed 8320K, reserved 1048576K
}
Event: 79.187 GC heap after
{Heap after GC invocations=47 (full 0):
 garbage-first heap   total 76800K, used 32342K [0x00000000c1400000, 0x0000000100000000)
  region size 1024K, 3 young (3072K), 3 survivors (3072K)
 Metaspace       used 58755K, capacity 60448K, committed 60544K, reserved 1101824K
  class space    used 7617K, capacity 8283K, committed 8320K, reserved 1048576K
}
Event: 82.420 GC heap before
{Heap before GC invocations=47 (full 0):
 garbage-first heap   total 76800K, used 56918K [0x00000000c1400000, 0x0000000100000000)
  region size 1024K, 27 young (27648K), 3 survivors (3072K)
 Metaspace       used 62937K, capacity 64702K, committed 64896K, reserved 1105920K
  class space    used 8107K, capacity 8780K, committed 8832K, reserved 1048576K
}
Event: 82.461 GC heap after
{Heap after GC invocations=48 (full 0):
 garbage-first heap   total 76800K, used 33688K [0x00000000c1400000, 0x0000000100000000)
  region size 1024K, 3 young (3072K), 3 survivors (3072K)
 Metaspace       used 62937K, capacity 64702K, committed 64896K, reserved 1105920K
  class space    used 8107K, capacity 8780K, committed 8832K, reserved 1048576K
}
Event: 103.949 GC heap before
{Heap before GC invocations=48 (full 0):
 garbage-first heap   total 76800K, used 57240K [0x00000000c1400000, 0x0000000100000000)
  region size 1024K, 26 young (26624K), 3 survivors (3072K)
 Metaspace       used 66412K, capacity 68219K, committed 68352K, reserved 1107968K
  class space    used 8495K, capacity 9184K, committed 9216K, reserved 1048576K
}
Event: 103.979 GC heap after
{Heap after GC invocations=49 (full 0):
 garbage-first heap   total 76800K, used 36465K [0x00000000c1400000, 0x0000000100000000)
  region size 1024K, 4 young (4096K), 4 survivors (4096K)
 Metaspace       used 66412K, capacity 68219K, committed 68352K, reserved 1107968K
  class space    used 8495K, capacity 9184K, committed 9216K, reserved 1048576K
}

