# JRE version: Java(TM) SE Runtime Environment (12.0.1+12) (build 12.0.1+12)
# Java VM: Java HotSpot(TM) 64-Bit Server VM (12.0.1+12, mixed mode, sharing, tiered, compressed oops, g1 gc, windows-amd64)
Heap:
 garbage-first heap   total 45056K, used 21465K [0x00000000c1400000, 0x0000000100000000)
  region size 1024K, 7 young (7168K), 3 survivors (3072K)
 Metaspace       used 40754K, capacity 41901K, committed 42188K, reserved 1085440K
  class space    used 5259K, capacity 5708K, committed 5836K, reserved 1048576K
GC Heap History (10 events):
Event: 23.052 GC heap before
{Heap before GC invocations=14 (full 0):
 garbage-first heap   total 45056K, used 33257K [0x00000000c1400000, 0x0000000100000000)
  region size 1024K, 19 young (19456K), 1 survivors (1024K)
 Metaspace       used 27879K, capacity 28859K, committed 29056K, reserved 1075200K
  class space    used 3459K, capacity 3841K, committed 3968K, reserved 1048576K
}
Event: 23.058 GC heap after
{Heap after GC invocations=15 (full 0):
 garbage-first heap   total 45056K, used 15990K [0x00000000c1400000, 0x0000000100000000)
  region size 1024K, 1 young (1024K), 1 survivors (1024K)
 Metaspace       used 27879K, capacity 28859K, committed 29056K, reserved 1075200K
  class space    used 3459K, capacity 3841K, committed 3968K, reserved 1048576K
}
Event: 25.337 GC heap before
{Heap before GC invocations=15 (full 0):
 garbage-first heap   total 45056K, used 34422K [0x00000000c1400000, 0x0000000100000000)
  region size 1024K, 19 young (19456K), 1 survivors (1024K)
 Metaspace       used 29859K, capacity 30877K, committed 31104K, reserved 1077248K
  class space    used 3763K, capacity 4150K, committed 4224K, reserved 1048576K
}
Event: 25.347 GC heap after
{Heap after GC invocations=16 (full 0):
 garbage-first heap   total 45056K, used 16814K [0x00000000c1400000, 0x0000000100000000)
  region size 1024K, 2 young (2048K), 2 survivors (2048K)
 Metaspace       used 29859K, capacity 30877K, committed 31104K, reserved 1077248K
  class space    used 3763K, capacity 4150K, committed 4224K, reserved 1048576K
}
Event: 26.481 GC heap before
{Heap before GC invocations=16 (full 0):
 garbage-first heap   total 45056K, used 33198K [0x00000000c1400000, 0x0000000100000000)
  region size 1024K, 19 young (19456K), 2 survivors (2048K)
 Metaspace       used 32858K, capacity 34005K, committed 34176K, reserved 1079296K
  class space    used 4205K, capacity 4656K, committed 4736K, reserved 1048576K
}
Event: 26.493 GC heap after
{Heap after GC invocations=17 (full 0):
 garbage-first heap   total 45056K, used 17366K [0x00000000c1400000, 0x0000000100000000)
  region size 1024K, 2 young (2048K), 2 survivors (2048K)
 Metaspace       used 32858K, capacity 34005K, committed 34176K, reserved 1079296K
  class space    used 4205K, capacity 4656K, committed 4736K, reserved 1048576K
}
Event: 27.157 GC heap before
{Heap before GC invocations=17 (full 0):
 garbage-first heap   total 45056K, used 27606K [0x00000000c1400000, 0x0000000100000000)
  region size 1024K, 13 young (13312K), 2 survivors (2048K)
 Metaspace       used 34797K, capacity 35833K, committed 35840K, reserved 1081344K
  class space    used 4565K, capacity 4988K, committed 4992K, reserved 1048576K
}
Event: 27.169 GC heap after
{Heap after GC invocations=18 (full 0):
 garbage-first heap   total 45056K, used 17580K [0x00000000c1400000, 0x0000000100000000)
  region size 1024K, 2 young (2048K), 2 survivors (2048K)
 Metaspace       used 34797K, capacity 35833K, committed 35840K, reserved 1081344K
  class space    used 4565K, capacity 4988K, committed 4992K, reserved 1048576K
}
Event: 28.312 GC heap before
{Heap before GC invocations=19 (full 0):
 garbage-first heap   total 45056K, used 32940K [0x00000000c1400000, 0x0000000100000000)
  region size 1024K, 17 young (17408K), 2 survivors (2048K)
 Metaspace       used 38562K, capacity 39701K, committed 39884K, reserved 1083392K
  class space    used 4986K, capacity 5446K, committed 5580K, reserved 1048576K
}
Event: 28.328 GC heap after
{Heap after GC invocations=20 (full 0):
 garbage-first heap   total 45056K, used 19417K [0x00000000c1400000, 0x0000000100000000)
  region size 1024K, 3 young (3072K), 3 survivors (3072K)
 Metaspace       used 38562K, capacity 39701K, committed 39884K, reserved 1083392K
  class space    used 4986K, capacity 5446K, committed 5580K, reserved 1048576K
}

